[INFO ] 2024-11-28 17:16:40.203 [main] LogUtils - Loaded all properties files.
[INFO ] 2024-11-28 17:16:40.246 [main] LogUtils - ********** RUN STARTED **********
[INFO ] 2024-11-28 17:16:40.246 [main] LogUtils - ========= INSTALLING CONFIGURATION DATA =========
[INFO ] 2024-11-28 17:16:40.247 [main] LogUtils - Loaded all properties files.
[INFO ] 2024-11-28 17:16:40.450 [main] LogUtils - OVERRIDE EXTENT REPORTS = yes
[INFO ] 2024-11-28 17:16:40.450 [main] LogUtils - Link Extent Report: H:\github\Selenium-Java\reports/ExtentReports\ExtentReports.html
[INFO ] 2024-11-28 17:16:40.617 [main] LogUtils - Extent Reports is installed.
[INFO ] 2024-11-28 17:16:40.617 [main] LogUtils - ========= INSTALLED CONFIGURATION DATA =========
[INFO ] 2024-11-28 17:16:40.618 [main] LogUtils - =====> Starting Suite: Regression Tests CMS
[INFO ] 2024-11-28 17:16:43.928 [TestNG-test-Login Test HRM-3] LogUtils - Test case: TC_loginSuccess is starting...
[INFO ] 2024-11-28 17:16:43.928 [TestNG-test-Login Test HRM-2] LogUtils - Test case: TC_loginFailWithEmailNull is starting...
[INFO ] 2024-11-28 17:16:43.928 [TestNG-test-Login Test HRM-1] LogUtils - Test case: TC_loginFailWithEmailDoesNotExist is starting...
[INFO ] 2024-11-28 17:16:44.012 [TestNG-test-Login Test HRM-3] LogUtils - Set Excel File: src/test/resources/testdataCMS/Login.xlsx
[INFO ] 2024-11-28 17:16:44.012 [TestNG-test-Login Test HRM-1] LogUtils - Set Excel File: src/test/resources/testdataCMS/Login.xlsx
[INFO ] 2024-11-28 17:16:44.012 [TestNG-test-Login Test HRM-2] LogUtils - Set Excel File: src/test/resources/testdataCMS/Login.xlsx
[INFO ] 2024-11-28 17:16:44.013 [TestNG-test-Login Test HRM-1] LogUtils - Sheet Name: Login
[INFO ] 2024-11-28 17:16:44.013 [TestNG-test-Login Test HRM-2] LogUtils - Sheet Name: Login
[INFO ] 2024-11-28 17:16:44.013 [TestNG-test-Login Test HRM-3] LogUtils - Sheet Name: Login
[INFO ] 2024-11-28 17:16:44.013 [TestNG-test-Login Test HRM-2] LogUtils - File Excel path not found.
[INFO ] 2024-11-28 17:16:44.013 [TestNG-test-Login Test HRM-1] LogUtils - File Excel path not found.
[INFO ] 2024-11-28 17:16:44.013 [TestNG-test-Login Test HRM-3] LogUtils - File Excel path not found.
[ERROR] 2024-11-28 17:16:44.015 [TestNG-test-Login Test HRM-2] LogUtils - src\test\resources\testdataCMS\Login.xlsx (The system cannot find the path specified)
[ERROR] 2024-11-28 17:16:44.015 [TestNG-test-Login Test HRM-1] LogUtils - src\test\resources\testdataCMS\Login.xlsx (The system cannot find the path specified)
[ERROR] 2024-11-28 17:16:44.016 [TestNG-test-Login Test HRM-3] LogUtils - src\test\resources\testdataCMS\Login.xlsx (The system cannot find the path specified)
[WARN ] 2024-11-28 17:16:44.030 [TestNG-test-Login Test HRM-2] LogUtils - WARNING!! Test case: TC_loginFailWithEmailNull is skipped.
[WARN ] 2024-11-28 17:16:44.030 [TestNG-test-Login Test HRM-1] LogUtils - WARNING!! Test case: TC_loginFailWithEmailDoesNotExist is skipped.
[WARN ] 2024-11-28 17:16:44.030 [TestNG-test-Login Test HRM-3] LogUtils - WARNING!! Test case: TC_loginSuccess is skipped.
[INFO ] 2024-11-28 17:16:45.813 [TestNG-test-Login Test HRM-1] LogUtils - Test case: TC_loginFailWithEmailDoesNotExist is starting...
[INFO ] 2024-11-28 17:16:45.819 [TestNG-test-Login Test HRM-1] LogUtils - Set Excel File: src/test/resources/testdataCMS/Login.xlsx
[INFO ] 2024-11-28 17:16:45.820 [TestNG-test-Login Test HRM-1] LogUtils - Sheet Name: Login
[INFO ] 2024-11-28 17:16:45.820 [TestNG-test-Login Test HRM-1] LogUtils - File Excel path not found.
[ERROR] 2024-11-28 17:16:45.821 [TestNG-test-Login Test HRM-1] LogUtils - src\test\resources\testdataCMS\Login.xlsx (The system cannot find the path specified)
[INFO ] 2024-11-28 17:16:45.830 [TestNG-test-Login Test HRM-3] LogUtils - Test case: TC_loginSuccess is starting...
[ERROR] 2024-11-28 17:16:45.832 [TestNG-test-Login Test HRM-1] LogUtils - FAILED !! Test case TC_loginFailWithEmailDoesNotExist is failed.
[ERROR] 2024-11-28 17:16:45.833 [TestNG-test-Login Test HRM-1] LogUtils - java.lang.NullPointerException: Cannot invoke "java.lang.Integer.intValue()" because the return value of "java.util.Map.get(Object)" is null
[INFO ] 2024-11-28 17:16:45.836 [TestNG-test-Login Test HRM-1] LogUtils - No Folder: H:\github\Selenium-Java\ExportData/Images
[INFO ] 2024-11-28 17:16:45.837 [TestNG-test-Login Test HRM-1] LogUtils - Folder created: H:\github\Selenium-Java\ExportData\Images
[INFO ] 2024-11-28 17:16:45.837 [TestNG-test-Login Test HRM-3] LogUtils - Set Excel File: src/test/resources/testdataCMS/Login.xlsx
[INFO ] 2024-11-28 17:16:45.837 [TestNG-test-Login Test HRM-3] LogUtils - Sheet Name: Login
[INFO ] 2024-11-28 17:16:45.838 [TestNG-test-Login Test HRM-1] LogUtils - Driver for Screenshot: ChromeDriver: chrome on windows (4f8159de1a758a8a3da45c8dd9c3f4aa)
[INFO ] 2024-11-28 17:16:45.838 [TestNG-test-Login Test HRM-3] LogUtils - File Excel path not found.
[ERROR] 2024-11-28 17:16:45.839 [TestNG-test-Login Test HRM-3] LogUtils - src\test\resources\testdataCMS\Login.xlsx (The system cannot find the path specified)
[ERROR] 2024-11-28 17:16:45.841 [TestNG-test-Login Test HRM-3] LogUtils - FAILED !! Test case TC_loginSuccess is failed.
[ERROR] 2024-11-28 17:16:45.841 [TestNG-test-Login Test HRM-3] LogUtils - java.lang.NullPointerException: Cannot invoke "java.lang.Integer.intValue()" because the return value of "java.util.Map.get(Object)" is null
[INFO ] 2024-11-28 17:16:45.841 [TestNG-test-Login Test HRM-3] LogUtils - No Folder: H:\github\Selenium-Java\ExportData/Images
[INFO ] 2024-11-28 17:16:45.842 [TestNG-test-Login Test HRM-3] LogUtils - Folder created: H:\github\Selenium-Java\ExportData\Images
[INFO ] 2024-11-28 17:16:45.842 [TestNG-test-Login Test HRM-3] LogUtils - Driver for Screenshot: ChromeDriver: chrome on windows (1761a6e76d10a9c9cf948ecab2c1138c)
[INFO ] 2024-11-28 17:16:45.901 [TestNG-test-Login Test HRM-2] LogUtils - Test case: TC_loginFailWithEmailNull is starting...
[INFO ] 2024-11-28 17:16:45.908 [TestNG-test-Login Test HRM-2] LogUtils - Set Excel File: src/test/resources/testdataCMS/Login.xlsx
[INFO ] 2024-11-28 17:16:45.909 [TestNG-test-Login Test HRM-2] LogUtils - Sheet Name: Login
[INFO ] 2024-11-28 17:16:45.909 [TestNG-test-Login Test HRM-2] LogUtils - File Excel path not found.
[ERROR] 2024-11-28 17:16:45.911 [TestNG-test-Login Test HRM-2] LogUtils - src\test\resources\testdataCMS\Login.xlsx (The system cannot find the path specified)
[ERROR] 2024-11-28 17:16:45.914 [TestNG-test-Login Test HRM-2] LogUtils - FAILED !! Test case TC_loginFailWithEmailNull is failed.
[ERROR] 2024-11-28 17:16:45.915 [TestNG-test-Login Test HRM-2] LogUtils - java.lang.NullPointerException: Cannot invoke "java.lang.Integer.intValue()" because the return value of "java.util.Map.get(Object)" is null
[INFO ] 2024-11-28 17:16:45.915 [TestNG-test-Login Test HRM-2] LogUtils - No Folder: H:\github\Selenium-Java\ExportData/Images
[INFO ] 2024-11-28 17:16:45.916 [TestNG-test-Login Test HRM-2] LogUtils - Folder created: H:\github\Selenium-Java\ExportData\Images
[INFO ] 2024-11-28 17:16:45.916 [TestNG-test-Login Test HRM-2] LogUtils - Driver for Screenshot: ChromeDriver: chrome on windows (67729c048e38a3d6101df56d583b749c)
[INFO ] 2024-11-28 17:16:46.909 [TestNG-test-Login Test HRM-3] LogUtils - Screenshot taken: TC_loginSuccess
[INFO ] 2024-11-28 17:16:46.909 [TestNG-test-Login Test HRM-1] LogUtils - Screenshot taken: TC_loginFailWithEmailDoesNotExist
[INFO ] 2024-11-28 17:16:46.920 [TestNG-test-Login Test HRM-3] LogUtils - Screenshot taken current URL: data:,
[INFO ] 2024-11-28 17:16:46.920 [TestNG-test-Login Test HRM-1] LogUtils - Screenshot taken current URL: data:,
[INFO ] 2024-11-28 17:16:46.927 [TestNG-test-Login Test HRM-2] LogUtils - Screenshot taken: TC_loginFailWithEmailNull
[INFO ] 2024-11-28 17:16:46.937 [TestNG-test-Login Test HRM-2] LogUtils - Screenshot taken current URL: data:,
[INFO ] 2024-11-28 17:16:48.168 [main] LogUtils - ********** RUN FINISHED **********
[INFO ] 2024-11-28 17:16:48.168 [main] LogUtils - =====> End Suite: Regression Tests CMS
